2025-08-22 12:05:01,631 [Worker-5: Loading available Gradle versions] INFO  o.e.b.c.i.u.g.PublishedGradleVersions - Gradle version information cache is not available. Remote download required.
2025-08-22 12:05:49,226 [Worker-11: Update Maven projects configuration] INFO  o.e.m.c.i.p.ProjectConfigurationManager - Update started
2025-08-22 12:05:51,479 [Worker-11: Update Maven projects configuration] INFO  o.e.m.c.i.l.LifecycleMappingFactory - Using org.eclipse.m2e.jdt.JarLifecycleMapping lifecycle mapping for MavenProject: com.example:demo2:0.0.1-SNAPSHOT @ D:\Junit\demo2\demo2\pom.xml.
2025-08-22 12:05:52,900 [Worker-11: Update Maven projects configuration] INFO  o.e.m.j.i.AbstractJavaProjectConfigurator - Adding source folder /demo2/src/main/java
2025-08-22 12:05:52,902 [Worker-11: Update Maven projects configuration] INFO  o.e.m.j.i.AbstractJavaProjectConfigurator - Adding resource folder /demo2/src/main/resources
2025-08-22 12:05:52,908 [Worker-11: Update Maven projects configuration] INFO  o.e.m.j.i.AbstractJavaProjectConfigurator - Adding resource folder /demo2/src/main/resources
2025-08-22 12:05:52,915 [Worker-11: Update Maven projects configuration] INFO  o.e.m.j.i.AbstractJavaProjectConfigurator - Adding source folder /demo2/src/test/java
2025-08-22 12:05:52,917 [Worker-11: Update Maven projects configuration] INFO  o.e.m.j.i.AbstractJavaProjectConfigurator - Adding resource folder /demo2/src/test/resources
2025-08-22 12:05:54,811 [Worker-11: Update Maven projects configuration] INFO  o.e.m.c.i.p.ProjectConfigurationManager - Update completed for 1 poms: local refresh takes 0.00 sec, refresh facades takes 3.00 sec, update config takes 2.00 sec 
2025-08-22 12:05:55,203 [Worker-10: Building] INFO  o.a.m.s.f.DefaultMavenResourcesFiltering - Copying 1 resource from src\main\resources to target\classes
2025-08-22 12:05:55,215 [Worker-10: Building] INFO  o.a.m.s.f.DefaultMavenResourcesFiltering - Copying 0 resource from src\main\resources to target\classes
2025-08-22 12:05:55,220 [Worker-10: Building] INFO  o.a.m.s.f.DefaultMavenResourcesFiltering - skip non existing resourceDirectory D:\Junit\demo2\demo2\src\test\resources
2025-08-22 12:06:31,130 [main] INFO  o.e.m.jdt.internal.UnitTestSupport - Updating Demo2ApplicationTests from maven configuration
2025-08-23 16:19:59,954 [main] INFO  o.e.m.jdt.internal.UnitTestSupport - Updating UserControllerTest from maven configuration
2025-08-23 16:21:20,538 [Worker-23: Launching Executing clean in D__Junit_demo2_demo2] INFO  o.eclipse.m2e.core.internal.Bundles - getClasspathEntries(Bundle=org.eclipse.m2e.maven.runtime_3.9.900.20250220-2013 [364])
2025-08-23 16:21:20,543 [Worker-23: Launching Executing clean in D__Junit_demo2_demo2] INFO  o.eclipse.m2e.core.internal.Bundles - 	Entry: C:\Users\anish\Downloads\spring-tools-for-eclipse-4.31.0.RELEASE-e4.36.0-win32.win32.x86_64 (1)\sts-4.31.0.RELEASE\plugins\org.eclipse.m2e.maven.runtime_3.9.900.20250220-2013
2025-08-23 16:21:20,544 [Worker-23: Launching Executing clean in D__Junit_demo2_demo2] INFO  o.eclipse.m2e.core.internal.Bundles - 	Entry: C:\Users\anish\Downloads\spring-tools-for-eclipse-4.31.0.RELEASE-e4.36.0-win32.win32.x86_64 (1)\sts-4.31.0.RELEASE\plugins\org.eclipse.m2e.maven.runtime_3.9.900.20250220-2013\jars\aopalliance-1.0.jar
2025-08-23 16:21:20,544 [Worker-23: Launching Executing clean in D__Junit_demo2_demo2] INFO  o.eclipse.m2e.core.internal.Bundles - 	Entry: C:\Users\anish\Downloads\spring-tools-for-eclipse-4.31.0.RELEASE-e4.36.0-win32.win32.x86_64 (1)\sts-4.31.0.RELEASE\plugins\org.eclipse.m2e.maven.runtime_3.9.900.20250220-2013\jars\guice-5.1.0.jar
2025-08-23 16:21:20,545 [Worker-23: Launching Executing clean in D__Junit_demo2_demo2] INFO  o.eclipse.m2e.core.internal.Bundles - 	Entry: C:\Users\anish\Downloads\spring-tools-for-eclipse-4.31.0.RELEASE-e4.36.0-win32.win32.x86_64 (1)\sts-4.31.0.RELEASE\plugins\org.eclipse.m2e.maven.runtime_3.9.900.20250220-2013\jars\httpclient-4.5.14.jar
2025-08-23 16:21:20,545 [Worker-23: Launching Executing clean in D__Junit_demo2_demo2] INFO  o.eclipse.m2e.core.internal.Bundles - 	Entry: C:\Users\anish\Downloads\spring-tools-for-eclipse-4.31.0.RELEASE-e4.36.0-win32.win32.x86_64 (1)\sts-4.31.0.RELEASE\plugins\org.eclipse.m2e.maven.runtime_3.9.900.20250220-2013\jars\httpcore-4.4.16.jar
2025-08-23 16:21:20,545 [Worker-23: Launching Executing clean in D__Junit_demo2_demo2] INFO  o.eclipse.m2e.core.internal.Bundles - 	Entry: C:\Users\anish\Downloads\spring-tools-for-eclipse-4.31.0.RELEASE-e4.36.0-win32.win32.x86_64 (1)\sts-4.31.0.RELEASE\plugins\org.eclipse.m2e.maven.runtime_3.9.900.20250220-2013\jars\jansi-2.4.1.jar
2025-08-23 16:21:20,546 [Worker-23: Launching Executing clean in D__Junit_demo2_demo2] INFO  o.eclipse.m2e.core.internal.Bundles - 	Entry: C:\Users\anish\Downloads\spring-tools-for-eclipse-4.31.0.RELEASE-e4.36.0-win32.win32.x86_64 (1)\sts-4.31.0.RELEASE\plugins\org.eclipse.m2e.maven.runtime_3.9.900.20250220-2013\jars\jcl-over-slf4j-1.7.36.jar
2025-08-23 16:21:20,546 [Worker-23: Launching Executing clean in D__Junit_demo2_demo2] INFO  o.eclipse.m2e.core.internal.Bundles - 	Entry: C:\Users\anish\Downloads\spring-tools-for-eclipse-4.31.0.RELEASE-e4.36.0-win32.win32.x86_64 (1)\sts-4.31.0.RELEASE\plugins\org.eclipse.m2e.maven.runtime_3.9.900.20250220-2013\jars\maven-artifact-3.9.9.jar
2025-08-23 16:21:20,546 [Worker-23: Launching Executing clean in D__Junit_demo2_demo2] INFO  o.eclipse.m2e.core.internal.Bundles - 	Entry: C:\Users\anish\Downloads\spring-tools-for-eclipse-4.31.0.RELEASE-e4.36.0-win32.win32.x86_64 (1)\sts-4.31.0.RELEASE\plugins\org.eclipse.m2e.maven.runtime_3.9.900.20250220-2013\jars\maven-builder-support-3.9.9.jar
2025-08-23 16:21:20,547 [Worker-23: Launching Executing clean in D__Junit_demo2_demo2] INFO  o.eclipse.m2e.core.internal.Bundles - 	Entry: C:\Users\anish\Downloads\spring-tools-for-eclipse-4.31.0.RELEASE-e4.36.0-win32.win32.x86_64 (1)\sts-4.31.0.RELEASE\plugins\org.eclipse.m2e.maven.runtime_3.9.900.20250220-2013\jars\maven-compat-3.9.9.jar
2025-08-23 16:21:20,548 [Worker-23: Launching Executing clean in D__Junit_demo2_demo2] INFO  o.eclipse.m2e.core.internal.Bundles - 	Entry: C:\Users\anish\Downloads\spring-tools-for-eclipse-4.31.0.RELEASE-e4.36.0-win32.win32.x86_64 (1)\sts-4.31.0.RELEASE\plugins\org.eclipse.m2e.maven.runtime_3.9.900.20250220-2013\jars\maven-core-3.9.9.jar
2025-08-23 16:21:20,548 [Worker-23: Launching Executing clean in D__Junit_demo2_demo2] INFO  o.eclipse.m2e.core.internal.Bundles - 	Entry: C:\Users\anish\Downloads\spring-tools-for-eclipse-4.31.0.RELEASE-e4.36.0-win32.win32.x86_64 (1)\sts-4.31.0.RELEASE\plugins\org.eclipse.m2e.maven.runtime_3.9.900.20250220-2013\jars\maven-embedder-3.9.9.jar
2025-08-23 16:21:20,549 [Worker-23: Launching Executing clean in D__Junit_demo2_demo2] INFO  o.eclipse.m2e.core.internal.Bundles - 	Entry: C:\Users\anish\Downloads\spring-tools-for-eclipse-4.31.0.RELEASE-e4.36.0-win32.win32.x86_64 (1)\sts-4.31.0.RELEASE\plugins\org.eclipse.m2e.maven.runtime_3.9.900.20250220-2013\jars\maven-model-3.9.9.jar
2025-08-23 16:21:20,549 [Worker-23: Launching Executing clean in D__Junit_demo2_demo2] INFO  o.eclipse.m2e.core.internal.Bundles - 	Entry: C:\Users\anish\Downloads\spring-tools-for-eclipse-4.31.0.RELEASE-e4.36.0-win32.win32.x86_64 (1)\sts-4.31.0.RELEASE\plugins\org.eclipse.m2e.maven.runtime_3.9.900.20250220-2013\jars\maven-model-builder-3.9.9.jar
2025-08-23 16:21:20,550 [Worker-23: Launching Executing clean in D__Junit_demo2_demo2] INFO  o.eclipse.m2e.core.internal.Bundles - 	Entry: C:\Users\anish\Downloads\spring-tools-for-eclipse-4.31.0.RELEASE-e4.36.0-win32.win32.x86_64 (1)\sts-4.31.0.RELEASE\plugins\org.eclipse.m2e.maven.runtime_3.9.900.20250220-2013\jars\maven-plugin-api-3.9.9.jar
2025-08-23 16:21:20,550 [Worker-23: Launching Executing clean in D__Junit_demo2_demo2] INFO  o.eclipse.m2e.core.internal.Bundles - 	Entry: C:\Users\anish\Downloads\spring-tools-for-eclipse-4.31.0.RELEASE-e4.36.0-win32.win32.x86_64 (1)\sts-4.31.0.RELEASE\plugins\org.eclipse.m2e.maven.runtime_3.9.900.20250220-2013\jars\maven-repository-metadata-3.9.9.jar
2025-08-23 16:21:20,550 [Worker-23: Launching Executing clean in D__Junit_demo2_demo2] INFO  o.eclipse.m2e.core.internal.Bundles - 	Entry: C:\Users\anish\Downloads\spring-tools-for-eclipse-4.31.0.RELEASE-e4.36.0-win32.win32.x86_64 (1)\sts-4.31.0.RELEASE\plugins\org.eclipse.m2e.maven.runtime_3.9.900.20250220-2013\jars\maven-resolver-api-1.9.22.jar
2025-08-23 16:21:20,551 [Worker-23: Launching Executing clean in D__Junit_demo2_demo2] INFO  o.eclipse.m2e.core.internal.Bundles - 	Entry: C:\Users\anish\Downloads\spring-tools-for-eclipse-4.31.0.RELEASE-e4.36.0-win32.win32.x86_64 (1)\sts-4.31.0.RELEASE\plugins\org.eclipse.m2e.maven.runtime_3.9.900.20250220-2013\jars\maven-resolver-connector-basic-1.9.22.jar
2025-08-23 16:21:20,551 [Worker-23: Launching Executing clean in D__Junit_demo2_demo2] INFO  o.eclipse.m2e.core.internal.Bundles - 	Entry: C:\Users\anish\Downloads\spring-tools-for-eclipse-4.31.0.RELEASE-e4.36.0-win32.win32.x86_64 (1)\sts-4.31.0.RELEASE\plugins\org.eclipse.m2e.maven.runtime_3.9.900.20250220-2013\jars\maven-resolver-impl-1.9.22.jar
2025-08-23 16:21:20,552 [Worker-23: Launching Executing clean in D__Junit_demo2_demo2] INFO  o.eclipse.m2e.core.internal.Bundles - 	Entry: C:\Users\anish\Downloads\spring-tools-for-eclipse-4.31.0.RELEASE-e4.36.0-win32.win32.x86_64 (1)\sts-4.31.0.RELEASE\plugins\org.eclipse.m2e.maven.runtime_3.9.900.20250220-2013\jars\maven-resolver-named-locks-1.9.22.jar
2025-08-23 16:21:20,552 [Worker-23: Launching Executing clean in D__Junit_demo2_demo2] INFO  o.eclipse.m2e.core.internal.Bundles - 	Entry: C:\Users\anish\Downloads\spring-tools-for-eclipse-4.31.0.RELEASE-e4.36.0-win32.win32.x86_64 (1)\sts-4.31.0.RELEASE\plugins\org.eclipse.m2e.maven.runtime_3.9.900.20250220-2013\jars\maven-resolver-provider-3.9.9.jar
2025-08-23 16:21:20,552 [Worker-23: Launching Executing clean in D__Junit_demo2_demo2] INFO  o.eclipse.m2e.core.internal.Bundles - 	Entry: C:\Users\anish\Downloads\spring-tools-for-eclipse-4.31.0.RELEASE-e4.36.0-win32.win32.x86_64 (1)\sts-4.31.0.RELEASE\plugins\org.eclipse.m2e.maven.runtime_3.9.900.20250220-2013\jars\maven-resolver-spi-1.9.22.jar
2025-08-23 16:21:20,553 [Worker-23: Launching Executing clean in D__Junit_demo2_demo2] INFO  o.eclipse.m2e.core.internal.Bundles - 	Entry: C:\Users\anish\Downloads\spring-tools-for-eclipse-4.31.0.RELEASE-e4.36.0-win32.win32.x86_64 (1)\sts-4.31.0.RELEASE\plugins\org.eclipse.m2e.maven.runtime_3.9.900.20250220-2013\jars\maven-resolver-transport-file-1.9.22.jar
2025-08-23 16:21:20,553 [Worker-23: Launching Executing clean in D__Junit_demo2_demo2] INFO  o.eclipse.m2e.core.internal.Bundles - 	Entry: C:\Users\anish\Downloads\spring-tools-for-eclipse-4.31.0.RELEASE-e4.36.0-win32.win32.x86_64 (1)\sts-4.31.0.RELEASE\plugins\org.eclipse.m2e.maven.runtime_3.9.900.20250220-2013\jars\maven-resolver-transport-http-1.9.22.jar
2025-08-23 16:21:20,553 [Worker-23: Launching Executing clean in D__Junit_demo2_demo2] INFO  o.eclipse.m2e.core.internal.Bundles - 	Entry: C:\Users\anish\Downloads\spring-tools-for-eclipse-4.31.0.RELEASE-e4.36.0-win32.win32.x86_64 (1)\sts-4.31.0.RELEASE\plugins\org.eclipse.m2e.maven.runtime_3.9.900.20250220-2013\jars\maven-resolver-transport-wagon-1.9.22.jar
2025-08-23 16:21:20,553 [Worker-23: Launching Executing clean in D__Junit_demo2_demo2] INFO  o.eclipse.m2e.core.internal.Bundles - 	Entry: C:\Users\anish\Downloads\spring-tools-for-eclipse-4.31.0.RELEASE-e4.36.0-win32.win32.x86_64 (1)\sts-4.31.0.RELEASE\plugins\org.eclipse.m2e.maven.runtime_3.9.900.20250220-2013\jars\maven-resolver-util-1.9.22.jar
2025-08-23 16:21:20,554 [Worker-23: Launching Executing clean in D__Junit_demo2_demo2] INFO  o.eclipse.m2e.core.internal.Bundles - 	Entry: C:\Users\anish\Downloads\spring-tools-for-eclipse-4.31.0.RELEASE-e4.36.0-win32.win32.x86_64 (1)\sts-4.31.0.RELEASE\plugins\org.eclipse.m2e.maven.runtime_3.9.900.20250220-2013\jars\maven-settings-3.9.9.jar
2025-08-23 16:21:20,554 [Worker-23: Launching Executing clean in D__Junit_demo2_demo2] INFO  o.eclipse.m2e.core.internal.Bundles - 	Entry: C:\Users\anish\Downloads\spring-tools-for-eclipse-4.31.0.RELEASE-e4.36.0-win32.win32.x86_64 (1)\sts-4.31.0.RELEASE\plugins\org.eclipse.m2e.maven.runtime_3.9.900.20250220-2013\jars\maven-settings-builder-3.9.9.jar
2025-08-23 16:21:20,554 [Worker-23: Launching Executing clean in D__Junit_demo2_demo2] INFO  o.eclipse.m2e.core.internal.Bundles - 	Entry: C:\Users\anish\Downloads\spring-tools-for-eclipse-4.31.0.RELEASE-e4.36.0-win32.win32.x86_64 (1)\sts-4.31.0.RELEASE\plugins\org.eclipse.m2e.maven.runtime_3.9.900.20250220-2013\jars\maven-shared-utils-3.4.2.jar
2025-08-23 16:21:20,554 [Worker-23: Launching Executing clean in D__Junit_demo2_demo2] INFO  o.eclipse.m2e.core.internal.Bundles - 	Entry: C:\Users\anish\Downloads\spring-tools-for-eclipse-4.31.0.RELEASE-e4.36.0-win32.win32.x86_64 (1)\sts-4.31.0.RELEASE\plugins\org.eclipse.m2e.maven.runtime_3.9.900.20250220-2013\jars\org.eclipse.sisu.inject-0.9.0.M3.jar
2025-08-23 16:21:20,555 [Worker-23: Launching Executing clean in D__Junit_demo2_demo2] INFO  o.eclipse.m2e.core.internal.Bundles - 	Entry: C:\Users\anish\Downloads\spring-tools-for-eclipse-4.31.0.RELEASE-e4.36.0-win32.win32.x86_64 (1)\sts-4.31.0.RELEASE\plugins\org.eclipse.m2e.maven.runtime_3.9.900.20250220-2013\jars\org.eclipse.sisu.plexus-0.9.0.M3.jar
2025-08-23 16:21:20,555 [Worker-23: Launching Executing clean in D__Junit_demo2_demo2] INFO  o.eclipse.m2e.core.internal.Bundles - 	Entry: C:\Users\anish\Downloads\spring-tools-for-eclipse-4.31.0.RELEASE-e4.36.0-win32.win32.x86_64 (1)\sts-4.31.0.RELEASE\plugins\org.eclipse.m2e.maven.runtime_3.9.900.20250220-2013\jars\plexus-build-api-0.0.7.jar
2025-08-23 16:21:20,555 [Worker-23: Launching Executing clean in D__Junit_demo2_demo2] INFO  o.eclipse.m2e.core.internal.Bundles - 	Entry: C:\Users\anish\Downloads\spring-tools-for-eclipse-4.31.0.RELEASE-e4.36.0-win32.win32.x86_64 (1)\sts-4.31.0.RELEASE\plugins\org.eclipse.m2e.maven.runtime_3.9.900.20250220-2013\jars\plexus-build-api-1.2.0.jar
2025-08-23 16:21:20,555 [Worker-23: Launching Executing clean in D__Junit_demo2_demo2] INFO  o.eclipse.m2e.core.internal.Bundles - 	Entry: C:\Users\anish\Downloads\spring-tools-for-eclipse-4.31.0.RELEASE-e4.36.0-win32.win32.x86_64 (1)\sts-4.31.0.RELEASE\plugins\org.eclipse.m2e.maven.runtime_3.9.900.20250220-2013\jars\plexus-cipher-2.0.jar
2025-08-23 16:21:20,556 [Worker-23: Launching Executing clean in D__Junit_demo2_demo2] INFO  o.eclipse.m2e.core.internal.Bundles - 	Entry: C:\Users\anish\Downloads\spring-tools-for-eclipse-4.31.0.RELEASE-e4.36.0-win32.win32.x86_64 (1)\sts-4.31.0.RELEASE\plugins\org.eclipse.m2e.maven.runtime_3.9.900.20250220-2013\jars\plexus-classworlds-2.8.0.jar
2025-08-23 16:21:20,558 [Worker-23: Launching Executing clean in D__Junit_demo2_demo2] INFO  o.eclipse.m2e.core.internal.Bundles - 	Entry: C:\Users\anish\Downloads\spring-tools-for-eclipse-4.31.0.RELEASE-e4.36.0-win32.win32.x86_64 (1)\sts-4.31.0.RELEASE\plugins\org.eclipse.m2e.maven.runtime_3.9.900.20250220-2013\jars\plexus-component-annotations-2.1.0.jar
2025-08-23 16:21:20,558 [Worker-23: Launching Executing clean in D__Junit_demo2_demo2] INFO  o.eclipse.m2e.core.internal.Bundles - 	Entry: C:\Users\anish\Downloads\spring-tools-for-eclipse-4.31.0.RELEASE-e4.36.0-win32.win32.x86_64 (1)\sts-4.31.0.RELEASE\plugins\org.eclipse.m2e.maven.runtime_3.9.900.20250220-2013\jars\plexus-interpolation-1.27.jar
2025-08-23 16:21:20,558 [Worker-23: Launching Executing clean in D__Junit_demo2_demo2] INFO  o.eclipse.m2e.core.internal.Bundles - 	Entry: C:\Users\anish\Downloads\spring-tools-for-eclipse-4.31.0.RELEASE-e4.36.0-win32.win32.x86_64 (1)\sts-4.31.0.RELEASE\plugins\org.eclipse.m2e.maven.runtime_3.9.900.20250220-2013\jars\plexus-sec-dispatcher-2.0.jar
2025-08-23 16:21:20,558 [Worker-23: Launching Executing clean in D__Junit_demo2_demo2] INFO  o.eclipse.m2e.core.internal.Bundles - 	Entry: C:\Users\anish\Downloads\spring-tools-for-eclipse-4.31.0.RELEASE-e4.36.0-win32.win32.x86_64 (1)\sts-4.31.0.RELEASE\plugins\org.eclipse.m2e.maven.runtime_3.9.900.20250220-2013\jars\plexus-utils-3.5.1.jar
2025-08-23 16:21:20,559 [Worker-23: Launching Executing clean in D__Junit_demo2_demo2] INFO  o.eclipse.m2e.core.internal.Bundles - 	Entry: C:\Users\anish\Downloads\spring-tools-for-eclipse-4.31.0.RELEASE-e4.36.0-win32.win32.x86_64 (1)\sts-4.31.0.RELEASE\plugins\org.eclipse.m2e.maven.runtime_3.9.900.20250220-2013\jars\plexus-xml-3.0.1.jar
2025-08-23 16:21:20,559 [Worker-23: Launching Executing clean in D__Junit_demo2_demo2] INFO  o.eclipse.m2e.core.internal.Bundles - 	Entry: C:\Users\anish\Downloads\spring-tools-for-eclipse-4.31.0.RELEASE-e4.36.0-win32.win32.x86_64 (1)\sts-4.31.0.RELEASE\plugins\org.eclipse.m2e.maven.runtime_3.9.900.20250220-2013\jars\wagon-file-3.5.3.jar
2025-08-23 16:21:20,559 [Worker-23: Launching Executing clean in D__Junit_demo2_demo2] INFO  o.eclipse.m2e.core.internal.Bundles - 	Entry: C:\Users\anish\Downloads\spring-tools-for-eclipse-4.31.0.RELEASE-e4.36.0-win32.win32.x86_64 (1)\sts-4.31.0.RELEASE\plugins\org.eclipse.m2e.maven.runtime_3.9.900.20250220-2013\jars\wagon-http-3.5.3.jar
2025-08-23 16:21:20,559 [Worker-23: Launching Executing clean in D__Junit_demo2_demo2] INFO  o.eclipse.m2e.core.internal.Bundles - 	Entry: C:\Users\anish\Downloads\spring-tools-for-eclipse-4.31.0.RELEASE-e4.36.0-win32.win32.x86_64 (1)\sts-4.31.0.RELEASE\plugins\org.eclipse.m2e.maven.runtime_3.9.900.20250220-2013\jars\wagon-http-shared-3.5.3.jar
2025-08-23 16:21:20,560 [Worker-23: Launching Executing clean in D__Junit_demo2_demo2] INFO  o.eclipse.m2e.core.internal.Bundles - 	Entry: C:\Users\anish\Downloads\spring-tools-for-eclipse-4.31.0.RELEASE-e4.36.0-win32.win32.x86_64 (1)\sts-4.31.0.RELEASE\plugins\org.eclipse.m2e.maven.runtime_3.9.900.20250220-2013\jars\wagon-provider-api-3.5.3.jar
2025-08-23 16:21:20,568 [Worker-23: Launching Executing clean in D__Junit_demo2_demo2] INFO  o.eclipse.m2e.core.internal.Bundles - getClasspathEntries(Bundle=com.google.guava_33.4.8.jre [31])
2025-08-23 16:21:20,570 [Worker-23: Launching Executing clean in D__Junit_demo2_demo2] INFO  o.eclipse.m2e.core.internal.Bundles - 	Entry: C:\Users\anish\Downloads\spring-tools-for-eclipse-4.31.0.RELEASE-e4.36.0-win32.win32.x86_64 (1)\sts-4.31.0.RELEASE\plugins\com.google.guava_33.4.8.jre.jar
2025-08-23 16:21:20,570 [Worker-23: Launching Executing clean in D__Junit_demo2_demo2] INFO  o.eclipse.m2e.core.internal.Bundles - getClasspathEntries(Bundle=slf4j.api_2.0.17 [613])
2025-08-23 16:21:20,571 [Worker-23: Launching Executing clean in D__Junit_demo2_demo2] INFO  o.eclipse.m2e.core.internal.Bundles - 	Entry: C:\Users\anish\Downloads\spring-tools-for-eclipse-4.31.0.RELEASE-e4.36.0-win32.win32.x86_64 (1)\sts-4.31.0.RELEASE\plugins\slf4j.api_2.0.17.jar
2025-08-23 16:21:20,571 [Worker-23: Launching Executing clean in D__Junit_demo2_demo2] INFO  o.eclipse.m2e.core.internal.Bundles - getClasspathEntries(Bundle=jakarta.inject.jakarta.inject-api_1.0.5 [46])
2025-08-23 16:21:20,572 [Worker-23: Launching Executing clean in D__Junit_demo2_demo2] INFO  o.eclipse.m2e.core.internal.Bundles - 	Entry: C:\Users\anish\Downloads\spring-tools-for-eclipse-4.31.0.RELEASE-e4.36.0-win32.win32.x86_64 (1)\sts-4.31.0.RELEASE\plugins\jakarta.inject.jakarta.inject-api_1.0.5.jar
2025-08-23 16:21:20,573 [Worker-23: Launching Executing clean in D__Junit_demo2_demo2] INFO  o.eclipse.m2e.core.internal.Bundles - getClasspathEntries(Bundle=javax.annotation_1.3.5.v20200909-1856 [55])
2025-08-23 16:21:20,573 [Worker-23: Launching Executing clean in D__Junit_demo2_demo2] INFO  o.eclipse.m2e.core.internal.Bundles - 	Entry: C:\Users\anish\Downloads\spring-tools-for-eclipse-4.31.0.RELEASE-e4.36.0-win32.win32.x86_64 (1)\sts-4.31.0.RELEASE\plugins\javax.annotation_1.3.5.v20200909-1856.jar
2025-08-23 16:21:20,573 [Worker-23: Launching Executing clean in D__Junit_demo2_demo2] INFO  o.eclipse.m2e.core.internal.Bundles - getClasspathEntries(Bundle=org.apache.commons.cli_1.9.0 [79])
2025-08-23 16:21:20,574 [Worker-23: Launching Executing clean in D__Junit_demo2_demo2] INFO  o.eclipse.m2e.core.internal.Bundles - 	Entry: C:\Users\anish\Downloads\spring-tools-for-eclipse-4.31.0.RELEASE-e4.36.0-win32.win32.x86_64 (1)\sts-4.31.0.RELEASE\plugins\org.apache.commons.cli_1.9.0.jar
2025-08-23 16:21:20,574 [Worker-23: Launching Executing clean in D__Junit_demo2_demo2] INFO  o.eclipse.m2e.core.internal.Bundles - getClasspathEntries(Bundle=org.apache.commons.commons-codec_1.16.0 [81])
2025-08-23 16:21:20,575 [Worker-23: Launching Executing clean in D__Junit_demo2_demo2] INFO  o.eclipse.m2e.core.internal.Bundles - 	Entry: C:\Users\anish\Downloads\spring-tools-for-eclipse-4.31.0.RELEASE-e4.36.0-win32.win32.x86_64 (1)\sts-4.31.0.RELEASE\plugins\org.apache.commons.commons-codec_1.16.0.jar
2025-08-23 16:21:20,575 [Worker-23: Launching Executing clean in D__Junit_demo2_demo2] INFO  o.eclipse.m2e.core.internal.Bundles - getClasspathEntries(Bundle=com.google.guava.failureaccess_1.0.3 [32])
2025-08-23 16:21:20,577 [Worker-23: Launching Executing clean in D__Junit_demo2_demo2] INFO  o.eclipse.m2e.core.internal.Bundles - 	Entry: C:\Users\anish\Downloads\spring-tools-for-eclipse-4.31.0.RELEASE-e4.36.0-win32.win32.x86_64 (1)\sts-4.31.0.RELEASE\plugins\com.google.guava.failureaccess_1.0.3.jar
2025-08-23 16:21:20,586 [Worker-23: Launching Executing clean in D__Junit_demo2_demo2] INFO  o.e.m.i.launch.MavenLaunchDelegate - Run build in "D:\Junit\demo2\demo2":
2025-08-23 16:21:20,590 [Worker-23: Launching Executing clean in D__Junit_demo2_demo2] INFO  o.e.m.i.launch.MavenLaunchDelegate -  mvn  -B -Dstyle.color=always clean
2025-08-23 16:28:58,657 [Worker-24: Building] INFO  o.a.m.s.f.DefaultMavenResourcesFiltering - Copying 0 resource from src\main\resources to target\classes
2025-08-23 16:28:58,663 [Worker-24: Building] INFO  o.a.m.s.f.DefaultMavenResourcesFiltering - Copying 0 resource from src\main\resources to target\classes
2025-08-23 16:28:58,671 [Worker-24: Building] INFO  o.a.m.s.f.DefaultMavenResourcesFiltering - skip non existing resourceDirectory D:\Junit\demo2\demo2\src\test\resources
2025-08-23 21:25:04,082 [Worker-43: Update Maven projects configuration] INFO  o.e.m.c.i.p.ProjectConfigurationManager - Update started
2025-08-23 21:25:05,076 [Worker-43: Update Maven projects configuration] INFO  o.e.m.c.i.l.LifecycleMappingFactory - Using org.eclipse.m2e.jdt.JarLifecycleMapping lifecycle mapping for MavenProject: com.example:Integration:0.0.1-SNAPSHOT @ C:\Users\anish\Downloads\Integration\Integration\pom.xml.
2025-08-23 21:25:06,377 [Worker-43: Update Maven projects configuration] INFO  o.e.m.j.i.AbstractJavaProjectConfigurator - Adding source folder /Integration_Integration/src/main/java
2025-08-23 21:25:06,378 [Worker-43: Update Maven projects configuration] INFO  o.e.m.j.i.AbstractJavaProjectConfigurator - Adding resource folder /Integration_Integration/src/main/resources
2025-08-23 21:25:06,387 [Worker-43: Update Maven projects configuration] INFO  o.e.m.j.i.AbstractJavaProjectConfigurator - Adding resource folder /Integration_Integration/src/main/resources
2025-08-23 21:25:06,393 [Worker-43: Update Maven projects configuration] INFO  o.e.m.j.i.AbstractJavaProjectConfigurator - Adding source folder /Integration_Integration/src/test/java
2025-08-23 21:25:06,396 [Worker-43: Update Maven projects configuration] INFO  o.e.m.j.i.AbstractJavaProjectConfigurator - Adding resource folder /Integration_Integration/src/test/resources
2025-08-23 21:25:07,839 [Worker-46: Building] INFO  o.a.m.s.f.DefaultMavenResourcesFiltering - Copying 1 resource from src\main\resources to target\classes
2025-08-23 21:25:07,862 [Worker-46: Building] INFO  o.a.m.s.f.DefaultMavenResourcesFiltering - Copying 0 resource from src\main\resources to target\classes
2025-08-23 21:25:07,870 [Worker-46: Building] INFO  o.a.m.s.f.DefaultMavenResourcesFiltering - skip non existing resourceDirectory C:\Users\anish\Downloads\Integration\Integration\src\test\resources
2025-08-23 21:25:08,012 [Worker-43: Update Maven projects configuration] INFO  o.e.m.c.i.p.ProjectConfigurationManager - Update completed for 1 poms: local refresh takes 0.00 sec, refresh facades takes 2.00 sec, update config takes 1.00 sec 
2025-08-23 21:25:08,210 [Worker-41: Building] INFO  o.a.m.s.f.DefaultMavenResourcesFiltering - Copying 1 resource from src\main\resources to target\classes
2025-08-23 21:25:08,215 [Worker-41: Building] INFO  o.a.m.s.f.DefaultMavenResourcesFiltering - Copying 0 resource from src\main\resources to target\classes
2025-08-23 21:25:08,230 [Worker-41: Building] INFO  o.a.m.s.f.DefaultMavenResourcesFiltering - skip non existing resourceDirectory C:\Users\anish\Downloads\Integration\Integration\src\test\resources
2025-08-23 21:25:59,910 [Worker-49: Building] INFO  o.e.m.c.i.l.LifecycleMappingFactory - Using org.eclipse.m2e.jdt.JarLifecycleMapping lifecycle mapping for MavenProject: com.example:Integration:0.0.1-SNAPSHOT @ C:\Users\anish\Downloads\Integration\Integration\pom.xml.
2025-08-23 21:26:00,779 [Worker-49: Building] INFO  o.a.m.s.f.DefaultMavenResourcesFiltering - Copying 1 resource from src\main\resources to target\classes
2025-08-23 21:26:00,842 [Worker-49: Building] INFO  o.a.m.s.f.DefaultMavenResourcesFiltering - Copying 0 resource from src\main\resources to target\classes
2025-08-23 21:26:00,852 [Worker-49: Building] INFO  o.a.m.s.f.DefaultMavenResourcesFiltering - skip non existing resourceDirectory C:\Users\anish\Downloads\Integration\Integration\src\test\resources
2025-08-23 21:26:02,967 [Worker-39: Updating Maven Dependencies] INFO  o.e.m.c.i.l.LifecycleMappingFactory - Using org.eclipse.m2e.jdt.JarLifecycleMapping lifecycle mapping for MavenProject: com.example:Integration:0.0.1-SNAPSHOT @ C:\Users\anish\Downloads\Integration\Integration\pom.xml.
2025-08-23 21:26:03,068 [Worker-48: Building] INFO  o.a.m.s.f.DefaultMavenResourcesFiltering - Copying 1 resource from src\main\resources to target\classes
2025-08-23 21:26:03,086 [Worker-48: Building] INFO  o.a.m.s.f.DefaultMavenResourcesFiltering - Copying 0 resource from src\main\resources to target\classes
2025-08-23 21:26:03,092 [Worker-48: Building] INFO  o.a.m.s.f.DefaultMavenResourcesFiltering - skip non existing resourceDirectory C:\Users\anish\Downloads\Integration\Integration\src\test\resources
2025-08-23 21:27:59,049 [Worker-49: Building] INFO  o.a.m.s.f.DefaultMavenResourcesFiltering - Copying 1 resource from src\main\resources to target\classes
2025-08-23 21:27:59,059 [Worker-49: Building] INFO  o.a.m.s.f.DefaultMavenResourcesFiltering - Copying 0 resource from src\main\resources to target\classes
2025-08-23 21:27:59,063 [Worker-49: Building] INFO  o.a.m.s.f.DefaultMavenResourcesFiltering - skip non existing resourceDirectory C:\Users\anish\Downloads\Integration\Integration\src\test\resources
2025-08-23 21:28:33,498 [Worker-44: Building] INFO  o.a.m.s.f.DefaultMavenResourcesFiltering - Copying 1 resource from src\main\resources to target\classes
2025-08-23 21:28:33,516 [Worker-44: Building] INFO  o.a.m.s.f.DefaultMavenResourcesFiltering - Copying 0 resource from src\main\resources to target\classes
2025-08-23 21:28:33,522 [Worker-44: Building] INFO  o.a.m.s.f.DefaultMavenResourcesFiltering - skip non existing resourceDirectory C:\Users\anish\Downloads\Integration\Integration\src\test\resources
2025-08-23 21:28:35,458 [Worker-50: Updating Maven Project] INFO  o.e.m.c.i.p.ProjectConfigurationManager - Update started
2025-08-23 21:28:35,842 [Worker-50: Updating Maven Project] INFO  o.e.m.c.i.l.LifecycleMappingFactory - Using org.eclipse.m2e.jdt.JarLifecycleMapping lifecycle mapping for MavenProject: com.example:Integration:0.0.1-SNAPSHOT @ C:\Users\anish\Downloads\Integration\Integration\pom.xml.
2025-08-23 21:28:36,364 [Worker-50: Updating Maven Project] INFO  o.e.m.j.i.AbstractJavaProjectConfigurator - Adding source folder /Integration_Integration/src/main/java
2025-08-23 21:28:36,365 [Worker-50: Updating Maven Project] INFO  o.e.m.j.i.AbstractJavaProjectConfigurator - Adding resource folder /Integration_Integration/src/main/resources
2025-08-23 21:28:36,366 [Worker-50: Updating Maven Project] INFO  o.e.m.j.i.AbstractJavaProjectConfigurator - Adding resource folder /Integration_Integration/src/main/resources
2025-08-23 21:28:36,366 [Worker-50: Updating Maven Project] INFO  o.e.m.j.i.AbstractJavaProjectConfigurator - Adding source folder /Integration_Integration/src/test/java
2025-08-23 21:28:36,367 [Worker-50: Updating Maven Project] INFO  o.e.m.j.i.AbstractJavaProjectConfigurator - Adding resource folder /Integration_Integration/src/test/resources
2025-08-23 21:28:36,603 [Worker-50: Updating Maven Project] INFO  o.e.m.c.i.p.ProjectConfigurationManager - Update completed for 1 poms: local refresh takes 0.00 sec, refresh facades takes 0.00 sec, update config takes 0.00 sec 
2025-08-23 21:28:36,872 [Worker-39: Building] INFO  o.a.m.s.f.DefaultMavenResourcesFiltering - Copying 1 resource from src\main\resources to target\classes
2025-08-23 21:28:36,886 [Worker-39: Building] INFO  o.a.m.s.f.DefaultMavenResourcesFiltering - Copying 0 resource from src\main\resources to target\classes
2025-08-23 21:28:36,891 [Worker-39: Building] INFO  o.a.m.s.f.DefaultMavenResourcesFiltering - skip non existing resourceDirectory C:\Users\anish\Downloads\Integration\Integration\src\test\resources
2025-08-23 21:30:48,116 [Worker-50: Building] INFO  o.a.m.s.f.DefaultMavenResourcesFiltering - Copying 1 resource from src\main\resources to target\classes
2025-08-23 21:30:48,121 [Worker-50: Building] INFO  o.a.m.s.f.DefaultMavenResourcesFiltering - Copying 0 resource from src\main\resources to target\classes
2025-08-23 21:30:48,125 [Worker-50: Building] INFO  o.a.m.s.f.DefaultMavenResourcesFiltering - skip non existing resourceDirectory C:\Users\anish\Downloads\Integration\Integration\src\test\resources
2025-08-23 21:31:13,576 [Worker-50: Building] INFO  o.a.m.s.f.DefaultMavenResourcesFiltering - Copying 1 resource from src\main\resources to target\classes
2025-08-23 21:31:13,585 [Worker-50: Building] INFO  o.a.m.s.f.DefaultMavenResourcesFiltering - Copying 0 resource from src\main\resources to target\classes
2025-08-23 21:31:13,588 [Worker-50: Building] INFO  o.a.m.s.f.DefaultMavenResourcesFiltering - skip non existing resourceDirectory C:\Users\anish\Downloads\Integration\Integration\src\test\resources
2025-08-23 21:37:14,872 [Worker-52: Building] INFO  o.a.m.s.f.DefaultMavenResourcesFiltering - Copying 1 resource from src\main\resources to target\classes
2025-08-23 21:37:14,878 [Worker-52: Building] INFO  o.a.m.s.f.DefaultMavenResourcesFiltering - Copying 0 resource from src\main\resources to target\classes
2025-08-23 21:37:14,883 [Worker-52: Building] INFO  o.a.m.s.f.DefaultMavenResourcesFiltering - skip non existing resourceDirectory C:\Users\anish\Downloads\Integration\Integration\src\test\resources
2025-08-23 21:37:36,307 [Worker-50: Building] INFO  o.a.m.s.f.DefaultMavenResourcesFiltering - Copying 1 resource from src\main\resources to target\classes
2025-08-23 21:37:36,313 [Worker-50: Building] INFO  o.a.m.s.f.DefaultMavenResourcesFiltering - Copying 0 resource from src\main\resources to target\classes
2025-08-23 21:37:36,316 [Worker-50: Building] INFO  o.a.m.s.f.DefaultMavenResourcesFiltering - skip non existing resourceDirectory C:\Users\anish\Downloads\Integration\Integration\src\test\resources
2025-08-23 21:38:01,855 [Worker-44: Building] INFO  o.a.m.s.f.DefaultMavenResourcesFiltering - Copying 1 resource from src\main\resources to target\classes
2025-08-23 21:38:01,860 [Worker-44: Building] INFO  o.a.m.s.f.DefaultMavenResourcesFiltering - Copying 0 resource from src\main\resources to target\classes
2025-08-23 21:38:01,864 [Worker-44: Building] INFO  o.a.m.s.f.DefaultMavenResourcesFiltering - skip non existing resourceDirectory C:\Users\anish\Downloads\Integration\Integration\src\test\resources
2025-08-23 21:42:47,757 [Worker-46: Building] INFO  o.a.m.s.f.DefaultMavenResourcesFiltering - Copying 1 resource from src\main\resources to target\classes
2025-08-23 21:42:47,768 [Worker-46: Building] INFO  o.a.m.s.f.DefaultMavenResourcesFiltering - Copying 0 resource from src\main\resources to target\classes
2025-08-23 21:42:47,772 [Worker-46: Building] INFO  o.a.m.s.f.DefaultMavenResourcesFiltering - skip non existing resourceDirectory C:\Users\anish\Downloads\Integration\Integration\src\test\resources
2025-08-23 21:45:55,838 [Worker-50: Building] INFO  o.a.m.s.f.DefaultMavenResourcesFiltering - Copying 1 resource from src\main\resources to target\classes
2025-08-23 21:45:55,847 [Worker-50: Building] INFO  o.a.m.s.f.DefaultMavenResourcesFiltering - Copying 0 resource from src\main\resources to target\classes
2025-08-23 21:45:55,851 [Worker-50: Building] INFO  o.a.m.s.f.DefaultMavenResourcesFiltering - skip non existing resourceDirectory C:\Users\anish\Downloads\Integration\Integration\src\test\resources
2025-08-23 21:47:05,542 [Worker-50: Building] INFO  o.a.m.s.f.DefaultMavenResourcesFiltering - Copying 1 resource from src\main\resources to target\classes
2025-08-23 21:47:05,546 [Worker-50: Building] INFO  o.a.m.s.f.DefaultMavenResourcesFiltering - Copying 0 resource from src\main\resources to target\classes
2025-08-23 21:47:05,549 [Worker-50: Building] INFO  o.a.m.s.f.DefaultMavenResourcesFiltering - skip non existing resourceDirectory C:\Users\anish\Downloads\Integration\Integration\src\test\resources
2025-08-23 22:03:09,084 [Worker-55: Building] INFO  o.a.m.s.f.DefaultMavenResourcesFiltering - Copying 1 resource from src\main\resources to target\classes
2025-08-23 22:03:09,093 [Worker-55: Building] INFO  o.a.m.s.f.DefaultMavenResourcesFiltering - Copying 0 resource from src\main\resources to target\classes
2025-08-23 22:03:09,096 [Worker-55: Building] INFO  o.a.m.s.f.DefaultMavenResourcesFiltering - skip non existing resourceDirectory C:\Users\anish\Downloads\Integration\Integration\src\test\resources
2025-08-23 22:14:21,295 [Worker-56: Building] INFO  o.a.m.s.f.DefaultMavenResourcesFiltering - Copying 1 resource from src\main\resources to target\classes
2025-08-23 22:14:21,337 [Worker-56: Building] INFO  o.a.m.s.f.DefaultMavenResourcesFiltering - Copying 0 resource from src\main\resources to target\classes
2025-08-23 22:14:21,345 [Worker-56: Building] INFO  o.a.m.s.f.DefaultMavenResourcesFiltering - skip non existing resourceDirectory C:\Users\anish\Downloads\Integration\Integration\src\test\resources
2025-08-23 22:14:40,177 [Worker-39: Building] INFO  o.a.m.s.f.DefaultMavenResourcesFiltering - Copying 1 resource from src\main\resources to target\classes
2025-08-23 22:14:40,186 [Worker-39: Building] INFO  o.a.m.s.f.DefaultMavenResourcesFiltering - Copying 0 resource from src\main\resources to target\classes
2025-08-23 22:14:40,191 [Worker-39: Building] INFO  o.a.m.s.f.DefaultMavenResourcesFiltering - skip non existing resourceDirectory C:\Users\anish\Downloads\Integration\Integration\src\test\resources
2025-08-23 22:14:44,268 [Worker-53: Building] INFO  o.a.m.s.f.DefaultMavenResourcesFiltering - Copying 1 resource from src\main\resources to target\classes
2025-08-23 22:14:44,274 [Worker-53: Building] INFO  o.a.m.s.f.DefaultMavenResourcesFiltering - Copying 0 resource from src\main\resources to target\classes
2025-08-23 22:14:44,276 [Worker-53: Building] INFO  o.a.m.s.f.DefaultMavenResourcesFiltering - skip non existing resourceDirectory C:\Users\anish\Downloads\Integration\Integration\src\test\resources
2025-08-23 22:15:32,106 [Worker-53: Updating Maven Project] INFO  o.e.m.c.i.p.ProjectConfigurationManager - Update started
2025-08-23 22:15:32,870 [Worker-53: Updating Maven Project] INFO  o.e.m.c.i.l.LifecycleMappingFactory - Using org.eclipse.m2e.jdt.JarLifecycleMapping lifecycle mapping for MavenProject: com.example:Integration:0.0.1-SNAPSHOT @ C:\Users\anish\Downloads\Integration\Integration\pom.xml.
2025-08-23 22:15:33,821 [Worker-53: Updating Maven Project] INFO  o.e.m.j.i.AbstractJavaProjectConfigurator - Adding source folder /Integration_Integration/src/main/java
2025-08-23 22:15:33,822 [Worker-53: Updating Maven Project] INFO  o.e.m.j.i.AbstractJavaProjectConfigurator - Adding resource folder /Integration_Integration/src/main/resources
2025-08-23 22:15:33,823 [Worker-53: Updating Maven Project] INFO  o.e.m.j.i.AbstractJavaProjectConfigurator - Adding resource folder /Integration_Integration/src/main/resources
2025-08-23 22:15:33,823 [Worker-53: Updating Maven Project] INFO  o.e.m.j.i.AbstractJavaProjectConfigurator - Adding source folder /Integration_Integration/src/test/java
2025-08-23 22:15:33,824 [Worker-53: Updating Maven Project] INFO  o.e.m.j.i.AbstractJavaProjectConfigurator - Adding resource folder /Integration_Integration/src/test/resources
2025-08-23 22:15:34,289 [Worker-53: Updating Maven Project] INFO  o.e.m.c.i.p.ProjectConfigurationManager - Update completed for 1 poms: local refresh takes 0.00 sec, refresh facades takes 1.00 sec, update config takes 0.00 sec 
2025-08-23 22:15:34,895 [Worker-53: Building] INFO  o.a.m.s.f.DefaultMavenResourcesFiltering - Copying 1 resource from src\main\resources to target\classes
2025-08-23 22:15:34,913 [Worker-53: Building] INFO  o.a.m.s.f.DefaultMavenResourcesFiltering - Copying 0 resource from src\main\resources to target\classes
2025-08-23 22:15:34,919 [Worker-53: Building] INFO  o.a.m.s.f.DefaultMavenResourcesFiltering - skip non existing resourceDirectory C:\Users\anish\Downloads\Integration\Integration\src\test\resources
2025-08-23 22:15:49,393 [Worker-57: Building] INFO  o.a.m.s.f.DefaultMavenResourcesFiltering - Copying 1 resource from src\main\resources to target\classes
2025-08-23 22:15:49,404 [Worker-57: Building] INFO  o.a.m.s.f.DefaultMavenResourcesFiltering - Copying 0 resource from src\main\resources to target\classes
2025-08-23 22:15:49,406 [Worker-57: Building] INFO  o.a.m.s.f.DefaultMavenResourcesFiltering - skip non existing resourceDirectory C:\Users\anish\Downloads\Integration\Integration\src\test\resources
2025-08-23 22:16:12,044 [Worker-53: Building] INFO  o.a.m.s.f.DefaultMavenResourcesFiltering - Copying 1 resource from src\main\resources to target\classes
2025-08-23 22:16:12,050 [Worker-53: Building] INFO  o.a.m.s.f.DefaultMavenResourcesFiltering - Copying 0 resource from src\main\resources to target\classes
2025-08-23 22:16:12,054 [Worker-53: Building] INFO  o.a.m.s.f.DefaultMavenResourcesFiltering - skip non existing resourceDirectory C:\Users\anish\Downloads\Integration\Integration\src\test\resources
